15-07-15 12:56:18.374 - Entering application
15-07-15 12:56:18.375 - Interpreting command line parameters
15-07-15 12:56:18.376 - Tags: (not specified)
15-07-15 12:56:18.376 - Scenarios: TEST1
15-07-15 12:56:18.376 - Checking that management database exists
15-07-15 12:56:18.900 - Purging test cases prior to 30 days ago
15-07-15 12:56:18.911 - Importing scenarios...
15-07-15 12:56:18.911 - Initiating testing harness
15-07-15 12:56:18.953 - Performing tests
15-07-15 12:56:18.964 - Testing scenario "TEST1" (bd04458e-403a-45b3-bfb5-0b2e02050a18).
15-07-15 12:56:18.975 - com.microsoft.sqlserver.jdbc.SQLServerException: Incorrect syntax near 'expected'.
	at com.microsoft.sqlserver.jdbc.SQLServerException.makeFromDatabaseError(SQLServerException.java:216)
	at com.microsoft.sqlserver.jdbc.SQLServerStatement.getNextResult(SQLServerStatement.java:1515)
	at com.microsoft.sqlserver.jdbc.SQLServerStatement.doExecuteStatement(SQLServerStatement.java:792)
	at com.microsoft.sqlserver.jdbc.SQLServerStatement$StmtExecCmd.doExecute(SQLServerStatement.java:689)
	at com.microsoft.sqlserver.jdbc.TDSCommand.execute(IOBuffer.java:5696)
	at com.microsoft.sqlserver.jdbc.SQLServerConnection.executeCommand(SQLServerConnection.java:1715)
	at com.microsoft.sqlserver.jdbc.SQLServerStatement.executeCommand(SQLServerStatement.java:180)
	at com.microsoft.sqlserver.jdbc.SQLServerStatement.executeStatement(SQLServerStatement.java:155)
	at com.microsoft.sqlserver.jdbc.SQLServerStatement.executeQuery(SQLServerStatement.java:616)
	at com.centric.dqm.data.DataUtils.executeCommandWithResult(DataUtils.java:147)
	at com.centric.dqm.data.generic.GenericConnection.executeCommandWithResult(GenericConnection.java:56)
	at com.centric.dqm.testing.Query.execute(Query.java:52)
	at com.centric.dqm.testing.Scenario.performTest(Scenario.java:102)
	at com.centric.dqm.Application.main(Application.java:158)

15-07-15 12:56:18.976 - java.lang.NullPointerException
	at com.centric.dqm.testing.Scenario.performTest(Scenario.java:106)
	at com.centric.dqm.Application.main(Application.java:158)

15-07-15 12:56:18.977 - Writing test TEST1 results
15-07-15 12:56:18.988 - Exiting the application
